[2025-05-14 08:02:15] local.ERROR: syntax error, unexpected token "->", expecting "]" {"exception":"[object] (ParseError(code: 0): syntax error, unexpected token \"->\", expecting \"]\" at C:\\Users\\PC\\auto_post\\app\\Filament\\Resources\\AiPostPromptResource.php:355)
[stacktrace]
#0 C:\\Users\\PC\\auto_post\\vendor\\composer\\ClassLoader.php(427): Composer\\Autoload\\{closure}('C:\\\\Users\\\\PC\\\\aut...')
#1 [internal function]: Composer\\Autoload\\ClassLoader->loadClass('App\\\\Filament\\\\Re...')
#2 C:\\Users\\PC\\auto_post\\vendor\\filament\\filament\\src\\Panel\\Concerns\\HasComponents.php(438): class_exists('App\\\\Filament\\\\Re...')
#3 C:\\Users\\PC\\auto_post\\vendor\\filament\\filament\\src\\Panel\\Concerns\\HasComponents.php(293): Filament\\Panel->discoverComponents('Filament\\\\Resour...', Array, 'C:\\\\Users\\\\PC\\\\aut...', Object(Illuminate\\Support\\Stringable))
#4 C:\\Users\\PC\\auto_post\\app\\Providers\\Filament\\AdminPanelProvider.php(35): Filament\\Panel->discoverResources('C:\\\\Users\\\\PC\\\\aut...', 'App\\\\Filament\\\\Re...')
#5 C:\\Users\\PC\\auto_post\\vendor\\filament\\filament\\src\\PanelProvider.php(15): App\\Providers\\Filament\\AdminPanelProvider->panel(Object(Filament\\Panel))
#6 C:\\Users\\PC\\auto_post\\vendor\\laravel\\framework\\src\\Illuminate\\Collections\\helpers.php(236): Filament\\PanelProvider->Filament\\{closure}()
#7 C:\\Users\\PC\\auto_post\\vendor\\filament\\filament\\src\\Facades\\Filament.php(140): value(Object(Closure))
#8 C:\\Users\\PC\\auto_post\\vendor\\laravel\\framework\\src\\Illuminate\\Container\\Container.php(1495): Filament\\Facades\\Filament::Filament\\Facades\\{closure}(Object(Filament\\PanelRegistry), Object(Illuminate\\Foundation\\Application))
#9 C:\\Users\\PC\\auto_post\\vendor\\laravel\\framework\\src\\Illuminate\\Container\\Container.php(1413): Illuminate\\Container\\Container->fireCallbackArray(Object(Filament\\PanelRegistry), Array)
#10 C:\\Users\\PC\\auto_post\\vendor\\laravel\\framework\\src\\Illuminate\\Container\\Container.php(908): Illuminate\\Container\\Container->fireResolvingCallbacks('Filament\\\\PanelR...', Object(Filament\\PanelRegistry))
#11 C:\\Users\\PC\\auto_post\\vendor\\laravel\\framework\\src\\Illuminate\\Foundation\\Application.php(1077): Illuminate\\Container\\Container->resolve('Filament\\\\PanelR...', Array, true)
#12 C:\\Users\\PC\\auto_post\\vendor\\laravel\\framework\\src\\Illuminate\\Container\\Container.php(821): Illuminate\\Foundation\\Application->resolve('Filament\\\\PanelR...', Array)
#13 C:\\Users\\PC\\auto_post\\vendor\\laravel\\framework\\src\\Illuminate\\Foundation\\Application.php(1057): Illuminate\\Container\\Container->make('Filament\\\\PanelR...', Array)
#14 C:\\Users\\PC\\auto_post\\vendor\\laravel\\framework\\src\\Illuminate\\Foundation\\helpers.php(124): Illuminate\\Foundation\\Application->make('Filament\\\\PanelR...', Array)
#15 C:\\Users\\PC\\auto_post\\vendor\\filament\\filament\\src\\FilamentManager.php(51): app('Filament\\\\PanelR...')
#16 C:\\Users\\PC\\auto_post\\vendor\\filament\\filament\\src\\FilamentServiceProvider.php(48): Filament\\FilamentManager->__construct()
#17 C:\\Users\\PC\\auto_post\\vendor\\laravel\\framework\\src\\Illuminate\\Container\\Container.php(1010): Filament\\FilamentServiceProvider->Filament\\{closure}(Object(Illuminate\\Foundation\\Application), Array)
#18 C:\\Users\\PC\\auto_post\\vendor\\laravel\\framework\\src\\Illuminate\\Container\\Container.php(890): Illuminate\\Container\\Container->build(Object(Closure))
#19 C:\\Users\\PC\\auto_post\\vendor\\laravel\\framework\\src\\Illuminate\\Foundation\\Application.php(1077): Illuminate\\Container\\Container->resolve('filament', Array, true)
#20 C:\\Users\\PC\\auto_post\\vendor\\laravel\\framework\\src\\Illuminate\\Container\\Container.php(821): Illuminate\\Foundation\\Application->resolve('filament', Array)
#21 C:\\Users\\PC\\auto_post\\vendor\\laravel\\framework\\src\\Illuminate\\Foundation\\Application.php(1057): Illuminate\\Container\\Container->make('filament', Array)
#22 C:\\Users\\PC\\auto_post\\vendor\\laravel\\framework\\src\\Illuminate\\Container\\Container.php(1643): Illuminate\\Foundation\\Application->make('filament')
#23 C:\\Users\\PC\\auto_post\\vendor\\laravel\\framework\\src\\Illuminate\\Support\\Facades\\Facade.php(239): Illuminate\\Container\\Container->offsetGet('filament')
#24 C:\\Users\\PC\\auto_post\\vendor\\laravel\\framework\\src\\Illuminate\\Support\\Facades\\Facade.php(210): Illuminate\\Support\\Facades\\Facade::resolveFacadeInstance('filament')
#25 C:\\Users\\PC\\auto_post\\vendor\\laravel\\framework\\src\\Illuminate\\Support\\Facades\\Facade.php(355): Illuminate\\Support\\Facades\\Facade::getFacadeRoot()
#26 C:\\Users\\PC\\auto_post\\vendor\\filament\\filament\\routes\\web.php(13): Illuminate\\Support\\Facades\\Facade::__callStatic('getPanels', Array)
#27 C:\\Users\\PC\\auto_post\\vendor\\laravel\\framework\\src\\Illuminate\\Routing\\Router.php(510): Illuminate\\Support\\ServiceProvider->{closure}(Object(Illuminate\\Routing\\Router))
#28 C:\\Users\\PC\\auto_post\\vendor\\laravel\\framework\\src\\Illuminate\\Routing\\Router.php(466): Illuminate\\Routing\\Router->loadRoutes(Object(Closure))
#29 C:\\Users\\PC\\auto_post\\vendor\\laravel\\framework\\src\\Illuminate\\Routing\\RouteRegistrar.php(206): Illuminate\\Routing\\Router->group(Array, Object(Closure))
#30 C:\\Users\\PC\\auto_post\\vendor\\filament\\filament\\routes\\web.php(12): Illuminate\\Routing\\RouteRegistrar->group(Object(Closure))
#31 C:\\Users\\PC\\auto_post\\vendor\\laravel\\framework\\src\\Illuminate\\Support\\ServiceProvider.php(194): require('C:\\\\Users\\\\PC\\\\aut...')
#32 C:\\Users\\PC\\auto_post\\vendor\\spatie\\laravel-package-tools\\src\\PackageServiceProvider.php(243): Illuminate\\Support\\ServiceProvider->loadRoutesFrom('C:\\\\Users\\\\PC\\\\aut...')
#33 C:\\Users\\PC\\auto_post\\vendor\\spatie\\laravel-package-tools\\src\\PackageServiceProvider.php(74): Spatie\\LaravelPackageTools\\PackageServiceProvider->bootPackageRoutes()
#34 C:\\Users\\PC\\auto_post\\vendor\\laravel\\framework\\src\\Illuminate\\Container\\BoundMethod.php(36): Spatie\\LaravelPackageTools\\PackageServiceProvider->boot()
#35 C:\\Users\\PC\\auto_post\\vendor\\laravel\\framework\\src\\Illuminate\\Container\\Util.php(43): Illuminate\\Container\\BoundMethod::Illuminate\\Container\\{closure}()
#36 C:\\Users\\PC\\auto_post\\vendor\\laravel\\framework\\src\\Illuminate\\Container\\BoundMethod.php(96): Illuminate\\Container\\Util::unwrapIfClosure(Object(Closure))
#37 C:\\Users\\PC\\auto_post\\vendor\\laravel\\framework\\src\\Illuminate\\Container\\BoundMethod.php(35): Illuminate\\Container\\BoundMethod::callBoundMethod(Object(Illuminate\\Foundation\\Application), Array, Object(Closure))
#38 C:\\Users\\PC\\auto_post\\vendor\\laravel\\framework\\src\\Illuminate\\Container\\Container.php(754): Illuminate\\Container\\BoundMethod::call(Object(Illuminate\\Foundation\\Application), Array, Array, NULL)
#39 C:\\Users\\PC\\auto_post\\vendor\\laravel\\framework\\src\\Illuminate\\Foundation\\Application.php(1150): Illuminate\\Container\\Container->call(Array)
#40 C:\\Users\\PC\\auto_post\\vendor\\laravel\\framework\\src\\Illuminate\\Foundation\\Application.php(1131): Illuminate\\Foundation\\Application->bootProvider(Object(Filament\\FilamentServiceProvider))
#41 [internal function]: Illuminate\\Foundation\\Application->Illuminate\\Foundation\\{closure}(Object(Filament\\FilamentServiceProvider), 'Filament\\\\Filame...')
#42 C:\\Users\\PC\\auto_post\\vendor\\laravel\\framework\\src\\Illuminate\\Foundation\\Application.php(1130): array_walk(Array, Object(Closure))
#43 C:\\Users\\PC\\auto_post\\vendor\\laravel\\framework\\src\\Illuminate\\Foundation\\Bootstrap\\BootProviders.php(17): Illuminate\\Foundation\\Application->boot()
#44 C:\\Users\\PC\\auto_post\\vendor\\laravel\\framework\\src\\Illuminate\\Foundation\\Application.php(341): Illuminate\\Foundation\\Bootstrap\\BootProviders->bootstrap(Object(Illuminate\\Foundation\\Application))
#45 C:\\Users\\PC\\auto_post\\vendor\\laravel\\framework\\src\\Illuminate\\Foundation\\Console\\Kernel.php(473): Illuminate\\Foundation\\Application->bootstrapWith(Array)
#46 C:\\Users\\PC\\auto_post\\vendor\\laravel\\framework\\src\\Illuminate\\Foundation\\Console\\Kernel.php(195): Illuminate\\Foundation\\Console\\Kernel->bootstrap()
#47 C:\\Users\\PC\\auto_post\\vendor\\laravel\\framework\\src\\Illuminate\\Foundation\\Application.php(1234): Illuminate\\Foundation\\Console\\Kernel->handle(Object(Symfony\\Component\\Console\\Input\\ArgvInput), Object(Symfony\\Component\\Console\\Output\\ConsoleOutput))
#48 C:\\Users\\PC\\auto_post\\artisan(16): Illuminate\\Foundation\\Application->handleCommand(Object(Symfony\\Component\\Console\\Input\\ArgvInput))
#49 {main}
"} 
[2025-05-14 08:02:28] local.ERROR: syntax error, unexpected token "->", expecting "]" {"exception":"[object] (ParseError(code: 0): syntax error, unexpected token \"->\", expecting \"]\" at C:\\Users\\PC\\auto_post\\app\\Filament\\Resources\\AiPostPromptResource.php:355)
[stacktrace]
#0 C:\\Users\\PC\\auto_post\\vendor\\composer\\ClassLoader.php(427): Composer\\Autoload\\{closure}('C:\\\\Users\\\\PC\\\\aut...')
#1 [internal function]: Composer\\Autoload\\ClassLoader->loadClass('App\\\\Filament\\\\Re...')
#2 C:\\Users\\PC\\auto_post\\vendor\\filament\\filament\\src\\Panel\\Concerns\\HasComponents.php(438): class_exists('App\\\\Filament\\\\Re...')
#3 C:\\Users\\PC\\auto_post\\vendor\\filament\\filament\\src\\Panel\\Concerns\\HasComponents.php(293): Filament\\Panel->discoverComponents('Filament\\\\Resour...', Array, 'C:\\\\Users\\\\PC\\\\aut...', Object(Illuminate\\Support\\Stringable))
#4 C:\\Users\\PC\\auto_post\\app\\Providers\\Filament\\AdminPanelProvider.php(35): Filament\\Panel->discoverResources('C:\\\\Users\\\\PC\\\\aut...', 'App\\\\Filament\\\\Re...')
#5 C:\\Users\\PC\\auto_post\\vendor\\filament\\filament\\src\\PanelProvider.php(15): App\\Providers\\Filament\\AdminPanelProvider->panel(Object(Filament\\Panel))
#6 C:\\Users\\PC\\auto_post\\vendor\\laravel\\framework\\src\\Illuminate\\Collections\\helpers.php(236): Filament\\PanelProvider->Filament\\{closure}()
#7 C:\\Users\\PC\\auto_post\\vendor\\filament\\filament\\src\\Facades\\Filament.php(140): value(Object(Closure))
#8 C:\\Users\\PC\\auto_post\\vendor\\laravel\\framework\\src\\Illuminate\\Container\\Container.php(1495): Filament\\Facades\\Filament::Filament\\Facades\\{closure}(Object(Filament\\PanelRegistry), Object(Illuminate\\Foundation\\Application))
#9 C:\\Users\\PC\\auto_post\\vendor\\laravel\\framework\\src\\Illuminate\\Container\\Container.php(1413): Illuminate\\Container\\Container->fireCallbackArray(Object(Filament\\PanelRegistry), Array)
#10 C:\\Users\\PC\\auto_post\\vendor\\laravel\\framework\\src\\Illuminate\\Container\\Container.php(908): Illuminate\\Container\\Container->fireResolvingCallbacks('Filament\\\\PanelR...', Object(Filament\\PanelRegistry))
#11 C:\\Users\\PC\\auto_post\\vendor\\laravel\\framework\\src\\Illuminate\\Foundation\\Application.php(1077): Illuminate\\Container\\Container->resolve('Filament\\\\PanelR...', Array, true)
#12 C:\\Users\\PC\\auto_post\\vendor\\laravel\\framework\\src\\Illuminate\\Container\\Container.php(821): Illuminate\\Foundation\\Application->resolve('Filament\\\\PanelR...', Array)
#13 C:\\Users\\PC\\auto_post\\vendor\\laravel\\framework\\src\\Illuminate\\Foundation\\Application.php(1057): Illuminate\\Container\\Container->make('Filament\\\\PanelR...', Array)
#14 C:\\Users\\PC\\auto_post\\vendor\\laravel\\framework\\src\\Illuminate\\Foundation\\helpers.php(124): Illuminate\\Foundation\\Application->make('Filament\\\\PanelR...', Array)
#15 C:\\Users\\PC\\auto_post\\vendor\\filament\\filament\\src\\FilamentManager.php(51): app('Filament\\\\PanelR...')
#16 C:\\Users\\PC\\auto_post\\vendor\\filament\\filament\\src\\FilamentServiceProvider.php(48): Filament\\FilamentManager->__construct()
#17 C:\\Users\\PC\\auto_post\\vendor\\laravel\\framework\\src\\Illuminate\\Container\\Container.php(1010): Filament\\FilamentServiceProvider->Filament\\{closure}(Object(Illuminate\\Foundation\\Application), Array)
#18 C:\\Users\\PC\\auto_post\\vendor\\laravel\\framework\\src\\Illuminate\\Container\\Container.php(890): Illuminate\\Container\\Container->build(Object(Closure))
#19 C:\\Users\\PC\\auto_post\\vendor\\laravel\\framework\\src\\Illuminate\\Foundation\\Application.php(1077): Illuminate\\Container\\Container->resolve('filament', Array, true)
#20 C:\\Users\\PC\\auto_post\\vendor\\laravel\\framework\\src\\Illuminate\\Container\\Container.php(821): Illuminate\\Foundation\\Application->resolve('filament', Array)
#21 C:\\Users\\PC\\auto_post\\vendor\\laravel\\framework\\src\\Illuminate\\Foundation\\Application.php(1057): Illuminate\\Container\\Container->make('filament', Array)
#22 C:\\Users\\PC\\auto_post\\vendor\\laravel\\framework\\src\\Illuminate\\Container\\Container.php(1643): Illuminate\\Foundation\\Application->make('filament')
#23 C:\\Users\\PC\\auto_post\\vendor\\laravel\\framework\\src\\Illuminate\\Support\\Facades\\Facade.php(239): Illuminate\\Container\\Container->offsetGet('filament')
#24 C:\\Users\\PC\\auto_post\\vendor\\laravel\\framework\\src\\Illuminate\\Support\\Facades\\Facade.php(210): Illuminate\\Support\\Facades\\Facade::resolveFacadeInstance('filament')
#25 C:\\Users\\PC\\auto_post\\vendor\\laravel\\framework\\src\\Illuminate\\Support\\Facades\\Facade.php(355): Illuminate\\Support\\Facades\\Facade::getFacadeRoot()
#26 C:\\Users\\PC\\auto_post\\vendor\\filament\\filament\\routes\\web.php(13): Illuminate\\Support\\Facades\\Facade::__callStatic('getPanels', Array)
#27 C:\\Users\\PC\\auto_post\\vendor\\laravel\\framework\\src\\Illuminate\\Routing\\Router.php(510): Illuminate\\Support\\ServiceProvider->{closure}(Object(Illuminate\\Routing\\Router))
#28 C:\\Users\\PC\\auto_post\\vendor\\laravel\\framework\\src\\Illuminate\\Routing\\Router.php(466): Illuminate\\Routing\\Router->loadRoutes(Object(Closure))
#29 C:\\Users\\PC\\auto_post\\vendor\\laravel\\framework\\src\\Illuminate\\Routing\\RouteRegistrar.php(206): Illuminate\\Routing\\Router->group(Array, Object(Closure))
#30 C:\\Users\\PC\\auto_post\\vendor\\filament\\filament\\routes\\web.php(12): Illuminate\\Routing\\RouteRegistrar->group(Object(Closure))
#31 C:\\Users\\PC\\auto_post\\vendor\\laravel\\framework\\src\\Illuminate\\Support\\ServiceProvider.php(194): require('C:\\\\Users\\\\PC\\\\aut...')
#32 C:\\Users\\PC\\auto_post\\vendor\\spatie\\laravel-package-tools\\src\\PackageServiceProvider.php(243): Illuminate\\Support\\ServiceProvider->loadRoutesFrom('C:\\\\Users\\\\PC\\\\aut...')
#33 C:\\Users\\PC\\auto_post\\vendor\\spatie\\laravel-package-tools\\src\\PackageServiceProvider.php(74): Spatie\\LaravelPackageTools\\PackageServiceProvider->bootPackageRoutes()
#34 C:\\Users\\PC\\auto_post\\vendor\\laravel\\framework\\src\\Illuminate\\Container\\BoundMethod.php(36): Spatie\\LaravelPackageTools\\PackageServiceProvider->boot()
#35 C:\\Users\\PC\\auto_post\\vendor\\laravel\\framework\\src\\Illuminate\\Container\\Util.php(43): Illuminate\\Container\\BoundMethod::Illuminate\\Container\\{closure}()
#36 C:\\Users\\PC\\auto_post\\vendor\\laravel\\framework\\src\\Illuminate\\Container\\BoundMethod.php(96): Illuminate\\Container\\Util::unwrapIfClosure(Object(Closure))
#37 C:\\Users\\PC\\auto_post\\vendor\\laravel\\framework\\src\\Illuminate\\Container\\BoundMethod.php(35): Illuminate\\Container\\BoundMethod::callBoundMethod(Object(Illuminate\\Foundation\\Application), Array, Object(Closure))
#38 C:\\Users\\PC\\auto_post\\vendor\\laravel\\framework\\src\\Illuminate\\Container\\Container.php(754): Illuminate\\Container\\BoundMethod::call(Object(Illuminate\\Foundation\\Application), Array, Array, NULL)
#39 C:\\Users\\PC\\auto_post\\vendor\\laravel\\framework\\src\\Illuminate\\Foundation\\Application.php(1150): Illuminate\\Container\\Container->call(Array)
#40 C:\\Users\\PC\\auto_post\\vendor\\laravel\\framework\\src\\Illuminate\\Foundation\\Application.php(1131): Illuminate\\Foundation\\Application->bootProvider(Object(Filament\\FilamentServiceProvider))
#41 [internal function]: Illuminate\\Foundation\\Application->Illuminate\\Foundation\\{closure}(Object(Filament\\FilamentServiceProvider), 'Filament\\\\Filame...')
#42 C:\\Users\\PC\\auto_post\\vendor\\laravel\\framework\\src\\Illuminate\\Foundation\\Application.php(1130): array_walk(Array, Object(Closure))
#43 C:\\Users\\PC\\auto_post\\vendor\\laravel\\framework\\src\\Illuminate\\Foundation\\Bootstrap\\BootProviders.php(17): Illuminate\\Foundation\\Application->boot()
#44 C:\\Users\\PC\\auto_post\\vendor\\laravel\\framework\\src\\Illuminate\\Foundation\\Application.php(341): Illuminate\\Foundation\\Bootstrap\\BootProviders->bootstrap(Object(Illuminate\\Foundation\\Application))
#45 C:\\Users\\PC\\auto_post\\vendor\\laravel\\framework\\src\\Illuminate\\Foundation\\Console\\Kernel.php(473): Illuminate\\Foundation\\Application->bootstrapWith(Array)
#46 C:\\Users\\PC\\auto_post\\vendor\\laravel\\framework\\src\\Illuminate\\Foundation\\Console\\Kernel.php(195): Illuminate\\Foundation\\Console\\Kernel->bootstrap()
#47 C:\\Users\\PC\\auto_post\\vendor\\laravel\\framework\\src\\Illuminate\\Foundation\\Application.php(1234): Illuminate\\Foundation\\Console\\Kernel->handle(Object(Symfony\\Component\\Console\\Input\\ArgvInput), Object(Symfony\\Component\\Console\\Output\\ConsoleOutput))
#48 C:\\Users\\PC\\auto_post\\artisan(16): Illuminate\\Foundation\\Application->handleCommand(Object(Symfony\\Component\\Console\\Input\\ArgvInput))
#49 {main}
"} 
[2025-05-14 08:02:30] local.ERROR: syntax error, unexpected token "->", expecting "]" {"exception":"[object] (ParseError(code: 0): syntax error, unexpected token \"->\", expecting \"]\" at C:\\Users\\PC\\auto_post\\app\\Filament\\Resources\\AiPostPromptResource.php:355)
[stacktrace]
#0 C:\\Users\\PC\\auto_post\\vendor\\composer\\ClassLoader.php(427): Composer\\Autoload\\{closure}('C:\\\\Users\\\\PC\\\\aut...')
#1 [internal function]: Composer\\Autoload\\ClassLoader->loadClass('App\\\\Filament\\\\Re...')
#2 C:\\Users\\PC\\auto_post\\vendor\\filament\\filament\\src\\Panel\\Concerns\\HasComponents.php(438): class_exists('App\\\\Filament\\\\Re...')
#3 C:\\Users\\PC\\auto_post\\vendor\\filament\\filament\\src\\Panel\\Concerns\\HasComponents.php(293): Filament\\Panel->discoverComponents('Filament\\\\Resour...', Array, 'C:\\\\Users\\\\PC\\\\aut...', Object(Illuminate\\Support\\Stringable))
#4 C:\\Users\\PC\\auto_post\\app\\Providers\\Filament\\AdminPanelProvider.php(35): Filament\\Panel->discoverResources('C:\\\\Users\\\\PC\\\\aut...', 'App\\\\Filament\\\\Re...')
#5 C:\\Users\\PC\\auto_post\\vendor\\filament\\filament\\src\\PanelProvider.php(15): App\\Providers\\Filament\\AdminPanelProvider->panel(Object(Filament\\Panel))
#6 C:\\Users\\PC\\auto_post\\vendor\\laravel\\framework\\src\\Illuminate\\Collections\\helpers.php(236): Filament\\PanelProvider->Filament\\{closure}()
#7 C:\\Users\\PC\\auto_post\\vendor\\filament\\filament\\src\\Facades\\Filament.php(140): value(Object(Closure))
#8 C:\\Users\\PC\\auto_post\\vendor\\laravel\\framework\\src\\Illuminate\\Container\\Container.php(1495): Filament\\Facades\\Filament::Filament\\Facades\\{closure}(Object(Filament\\PanelRegistry), Object(Illuminate\\Foundation\\Application))
#9 C:\\Users\\PC\\auto_post\\vendor\\laravel\\framework\\src\\Illuminate\\Container\\Container.php(1413): Illuminate\\Container\\Container->fireCallbackArray(Object(Filament\\PanelRegistry), Array)
#10 C:\\Users\\PC\\auto_post\\vendor\\laravel\\framework\\src\\Illuminate\\Container\\Container.php(908): Illuminate\\Container\\Container->fireResolvingCallbacks('Filament\\\\PanelR...', Object(Filament\\PanelRegistry))
#11 C:\\Users\\PC\\auto_post\\vendor\\laravel\\framework\\src\\Illuminate\\Foundation\\Application.php(1077): Illuminate\\Container\\Container->resolve('Filament\\\\PanelR...', Array, true)
#12 C:\\Users\\PC\\auto_post\\vendor\\laravel\\framework\\src\\Illuminate\\Container\\Container.php(821): Illuminate\\Foundation\\Application->resolve('Filament\\\\PanelR...', Array)
#13 C:\\Users\\PC\\auto_post\\vendor\\laravel\\framework\\src\\Illuminate\\Foundation\\Application.php(1057): Illuminate\\Container\\Container->make('Filament\\\\PanelR...', Array)
#14 C:\\Users\\PC\\auto_post\\vendor\\laravel\\framework\\src\\Illuminate\\Foundation\\helpers.php(124): Illuminate\\Foundation\\Application->make('Filament\\\\PanelR...', Array)
#15 C:\\Users\\PC\\auto_post\\vendor\\filament\\filament\\src\\FilamentManager.php(51): app('Filament\\\\PanelR...')
#16 C:\\Users\\PC\\auto_post\\vendor\\filament\\filament\\src\\FilamentServiceProvider.php(48): Filament\\FilamentManager->__construct()
#17 C:\\Users\\PC\\auto_post\\vendor\\laravel\\framework\\src\\Illuminate\\Container\\Container.php(1010): Filament\\FilamentServiceProvider->Filament\\{closure}(Object(Illuminate\\Foundation\\Application), Array)
#18 C:\\Users\\PC\\auto_post\\vendor\\laravel\\framework\\src\\Illuminate\\Container\\Container.php(890): Illuminate\\Container\\Container->build(Object(Closure))
#19 C:\\Users\\PC\\auto_post\\vendor\\laravel\\framework\\src\\Illuminate\\Foundation\\Application.php(1077): Illuminate\\Container\\Container->resolve('filament', Array, true)
#20 C:\\Users\\PC\\auto_post\\vendor\\laravel\\framework\\src\\Illuminate\\Container\\Container.php(821): Illuminate\\Foundation\\Application->resolve('filament', Array)
#21 C:\\Users\\PC\\auto_post\\vendor\\laravel\\framework\\src\\Illuminate\\Foundation\\Application.php(1057): Illuminate\\Container\\Container->make('filament', Array)
#22 C:\\Users\\PC\\auto_post\\vendor\\laravel\\framework\\src\\Illuminate\\Container\\Container.php(1643): Illuminate\\Foundation\\Application->make('filament')
#23 C:\\Users\\PC\\auto_post\\vendor\\laravel\\framework\\src\\Illuminate\\Support\\Facades\\Facade.php(239): Illuminate\\Container\\Container->offsetGet('filament')
#24 C:\\Users\\PC\\auto_post\\vendor\\laravel\\framework\\src\\Illuminate\\Support\\Facades\\Facade.php(210): Illuminate\\Support\\Facades\\Facade::resolveFacadeInstance('filament')
#25 C:\\Users\\PC\\auto_post\\vendor\\laravel\\framework\\src\\Illuminate\\Support\\Facades\\Facade.php(355): Illuminate\\Support\\Facades\\Facade::getFacadeRoot()
#26 C:\\Users\\PC\\auto_post\\vendor\\filament\\filament\\routes\\web.php(13): Illuminate\\Support\\Facades\\Facade::__callStatic('getPanels', Array)
#27 C:\\Users\\PC\\auto_post\\vendor\\laravel\\framework\\src\\Illuminate\\Routing\\Router.php(510): Illuminate\\Support\\ServiceProvider->{closure}(Object(Illuminate\\Routing\\Router))
#28 C:\\Users\\PC\\auto_post\\vendor\\laravel\\framework\\src\\Illuminate\\Routing\\Router.php(466): Illuminate\\Routing\\Router->loadRoutes(Object(Closure))
#29 C:\\Users\\PC\\auto_post\\vendor\\laravel\\framework\\src\\Illuminate\\Routing\\RouteRegistrar.php(206): Illuminate\\Routing\\Router->group(Array, Object(Closure))
#30 C:\\Users\\PC\\auto_post\\vendor\\filament\\filament\\routes\\web.php(12): Illuminate\\Routing\\RouteRegistrar->group(Object(Closure))
#31 C:\\Users\\PC\\auto_post\\vendor\\laravel\\framework\\src\\Illuminate\\Support\\ServiceProvider.php(194): require('C:\\\\Users\\\\PC\\\\aut...')
#32 C:\\Users\\PC\\auto_post\\vendor\\spatie\\laravel-package-tools\\src\\PackageServiceProvider.php(243): Illuminate\\Support\\ServiceProvider->loadRoutesFrom('C:\\\\Users\\\\PC\\\\aut...')
#33 C:\\Users\\PC\\auto_post\\vendor\\spatie\\laravel-package-tools\\src\\PackageServiceProvider.php(74): Spatie\\LaravelPackageTools\\PackageServiceProvider->bootPackageRoutes()
#34 C:\\Users\\PC\\auto_post\\vendor\\laravel\\framework\\src\\Illuminate\\Container\\BoundMethod.php(36): Spatie\\LaravelPackageTools\\PackageServiceProvider->boot()
#35 C:\\Users\\PC\\auto_post\\vendor\\laravel\\framework\\src\\Illuminate\\Container\\Util.php(43): Illuminate\\Container\\BoundMethod::Illuminate\\Container\\{closure}()
#36 C:\\Users\\PC\\auto_post\\vendor\\laravel\\framework\\src\\Illuminate\\Container\\BoundMethod.php(96): Illuminate\\Container\\Util::unwrapIfClosure(Object(Closure))
#37 C:\\Users\\PC\\auto_post\\vendor\\laravel\\framework\\src\\Illuminate\\Container\\BoundMethod.php(35): Illuminate\\Container\\BoundMethod::callBoundMethod(Object(Illuminate\\Foundation\\Application), Array, Object(Closure))
#38 C:\\Users\\PC\\auto_post\\vendor\\laravel\\framework\\src\\Illuminate\\Container\\Container.php(754): Illuminate\\Container\\BoundMethod::call(Object(Illuminate\\Foundation\\Application), Array, Array, NULL)
#39 C:\\Users\\PC\\auto_post\\vendor\\laravel\\framework\\src\\Illuminate\\Foundation\\Application.php(1150): Illuminate\\Container\\Container->call(Array)
#40 C:\\Users\\PC\\auto_post\\vendor\\laravel\\framework\\src\\Illuminate\\Foundation\\Application.php(1131): Illuminate\\Foundation\\Application->bootProvider(Object(Filament\\FilamentServiceProvider))
#41 [internal function]: Illuminate\\Foundation\\Application->Illuminate\\Foundation\\{closure}(Object(Filament\\FilamentServiceProvider), 'Filament\\\\Filame...')
#42 C:\\Users\\PC\\auto_post\\vendor\\laravel\\framework\\src\\Illuminate\\Foundation\\Application.php(1130): array_walk(Array, Object(Closure))
#43 C:\\Users\\PC\\auto_post\\vendor\\laravel\\framework\\src\\Illuminate\\Foundation\\Bootstrap\\BootProviders.php(17): Illuminate\\Foundation\\Application->boot()
#44 C:\\Users\\PC\\auto_post\\vendor\\laravel\\framework\\src\\Illuminate\\Foundation\\Application.php(341): Illuminate\\Foundation\\Bootstrap\\BootProviders->bootstrap(Object(Illuminate\\Foundation\\Application))
#45 C:\\Users\\PC\\auto_post\\vendor\\laravel\\framework\\src\\Illuminate\\Foundation\\Console\\Kernel.php(473): Illuminate\\Foundation\\Application->bootstrapWith(Array)
#46 C:\\Users\\PC\\auto_post\\vendor\\laravel\\framework\\src\\Illuminate\\Foundation\\Console\\Kernel.php(195): Illuminate\\Foundation\\Console\\Kernel->bootstrap()
#47 C:\\Users\\PC\\auto_post\\vendor\\laravel\\framework\\src\\Illuminate\\Foundation\\Application.php(1234): Illuminate\\Foundation\\Console\\Kernel->handle(Object(Symfony\\Component\\Console\\Input\\ArgvInput), Object(Symfony\\Component\\Console\\Output\\ConsoleOutput))
#48 C:\\Users\\PC\\auto_post\\artisan(16): Illuminate\\Foundation\\Application->handleCommand(Object(Symfony\\Component\\Console\\Input\\ArgvInput))
#49 {main}
"} 
